<?xml version="1.0" encoding="UTF-8"?>
<!-- Generated by org.testng.reporters.JUnitReportReporter -->
<testsuite hostname="DIN16003328" name="NewTest" tests="1" failures="0" timestamp="22 Jan 2019 13:21:24 GMT" time="43.581" errors="0">
  <testcase name="Creating_new_General_Ledger" time="43.581" classname="NewTest"/>
</testsuite> <!-- NewTest -->
